<?xml version="1.0" encoding="UTF-8"?>
<testng-results ignored="0" total="1" passed="1" failed="0" skipped="0">
  <reporter-output>
  </reporter-output>
  <suite started-at="2023-11-30T12:49:31 IST" name="Default suite" finished-at="2023-11-30T12:49:43 IST" duration-ms="11745">
    <groups>
    </groups>
    <test started-at="2023-11-30T12:49:31 IST" name="Default test" finished-at="2023-11-30T12:49:43 IST" duration-ms="11745">
      <class name="com.abcd.ChromeDriver_test">
        <test-method signature="m1test()[pri:0, instance:com.abcd.ChromeDriver_test@51e69659]" started-at="2023-11-30T12:49:32 IST" name="m1test" finished-at="2023-11-30T12:49:43 IST" duration-ms="11575" status="PASS">
          <reporter-output>
          </reporter-output>
        </test-method> <!-- m1test -->
      </class> <!-- com.abcd.ChromeDriver_test -->
    </test> <!-- Default test -->
  </suite> <!-- Default suite -->
</testng-results>
